Traceback (most recent call last):
  File "/home/ubuntu/youngmi/SeQubic-Transformer/Model10/train.py", line 2, in <module>
    import Model
  File "/home/ubuntu/youngmi/SeQubic-Transformer/Model10/Model.py", line 4, in <module>
    import bert
  File "/home/ubuntu/youngmi/SeQubic-Transformer/Model10/bert.py", line 1, in <module>
    from tensorflow.contrib import *
ModuleNotFoundError: No module named 'tensorflow.contrib'
/home/ubuntu/anaconda3/envs/ym/lib/python3.7/site-packages/tensorflow/python/framework/dtypes.py:526: FutureWarning: Passing (type, 1) or '1type' as a synonym of type is deprecated; in a future version of numpy, it will be understood as (type, (1,)) / '(1,)type'.
  _np_qint8 = np.dtype([("qint8", np.int8, 1)])
/home/ubuntu/anaconda3/envs/ym/lib/python3.7/site-packages/tensorflow/python/framework/dtypes.py:527: FutureWarning: Passing (type, 1) or '1type' as a synonym of type is deprecated; in a future version of numpy, it will be understood as (type, (1,)) / '(1,)type'.
  _np_quint8 = np.dtype([("quint8", np.uint8, 1)])
/home/ubuntu/anaconda3/envs/ym/lib/python3.7/site-packages/tensorflow/python/framework/dtypes.py:528: FutureWarning: Passing (type, 1) or '1type' as a synonym of type is deprecated; in a future version of numpy, it will be understood as (type, (1,)) / '(1,)type'.
  _np_qint16 = np.dtype([("qint16", np.int16, 1)])
/home/ubuntu/anaconda3/envs/ym/lib/python3.7/site-packages/tensorflow/python/framework/dtypes.py:529: FutureWarning: Passing (type, 1) or '1type' as a synonym of type is deprecated; in a future version of numpy, it will be understood as (type, (1,)) / '(1,)type'.
  _np_quint16 = np.dtype([("quint16", np.uint16, 1)])
/home/ubuntu/anaconda3/envs/ym/lib/python3.7/site-packages/tensorflow/python/framework/dtypes.py:530: FutureWarning: Passing (type, 1) or '1type' as a synonym of type is deprecated; in a future version of numpy, it will be understood as (type, (1,)) / '(1,)type'.
  _np_qint32 = np.dtype([("qint32", np.int32, 1)])
/home/ubuntu/anaconda3/envs/ym/lib/python3.7/site-packages/tensorflow/python/framework/dtypes.py:535: FutureWarning: Passing (type, 1) or '1type' as a synonym of type is deprecated; in a future version of numpy, it will be understood as (type, (1,)) / '(1,)type'.
  np_resource = np.dtype([("resource", np.ubyte, 1)])
WARNING:tensorflow:From /home/ubuntu/anaconda3/envs/ym/lib/python3.7/site-packages/tensorflow/python/framework/op_def_library.py:263: colocate_with (from tensorflow.python.framework.ops) is deprecated and will be removed in a future version.
Instructions for updating:
Colocations handled automatically by placer.
WARNING:tensorflow:From /home/ubuntu/youngmi/SeQubic-Transformer/Model10/Model.py:134: dropout (from tensorflow.python.layers.core) is deprecated and will be removed in a future version.
Instructions for updating:
Use keras.layers.dropout instead.
WARNING:tensorflow:From /home/ubuntu/anaconda3/envs/ym/lib/python3.7/site-packages/tensorflow/python/keras/layers/core.py:143: calling dropout (from tensorflow.python.ops.nn_ops) with keep_prob is deprecated and will be removed in a future version.
Instructions for updating:
Please use `rate` instead of `keep_prob`. Rate should be set to `rate = 1 - keep_prob`.
WARNING:tensorflow:From /home/ubuntu/youngmi/SeQubic-Transformer/Model10/modules.py:176: dense (from tensorflow.python.layers.core) is deprecated and will be removed in a future version.
Instructions for updating:
Use keras.layers.dense instead.
WARNING:tensorflow:From /home/ubuntu/youngmi/SeQubic-Transformer/Model10/modules.py:128: to_float (from tensorflow.python.ops.math_ops) is deprecated and will be removed in a future version.
Instructions for updating:
Use tf.cast instead.
WARNING:tensorflow:From /home/ubuntu/youngmi/SeQubic-Transformer/Model10/Model.py:262: to_int32 (from tensorflow.python.ops.math_ops) is deprecated and will be removed in a future version.
Instructions for updating:
Use tf.cast instead.
2022-05-04 02:51:22.025013: I tensorflow/core/platform/cpu_feature_guard.cc:141] Your CPU supports instructions that this TensorFlow binary was not compiled to use: AVX2 FMA
2022-05-04 02:51:22.031129: I tensorflow/core/platform/profile_utils/cpu_utils.cc:94] CPU Frequency: 2992965000 Hz
2022-05-04 02:51:22.031593: I tensorflow/compiler/xla/service/service.cc:150] XLA service 0x5585e441a380 executing computations on platform Host. Devices:
2022-05-04 02:51:22.031627: I tensorflow/compiler/xla/service/service.cc:158]   StreamExecutor device (0): <undefined>, <undefined>
2022-05-04 02:51:22.334384: I tensorflow/stream_executor/cuda/cuda_gpu_executor.cc:998] successful NUMA node read from SysFS had negative value (-1), but there must be at least one NUMA node, so returning NUMA node zero
2022-05-04 02:51:22.335373: I tensorflow/core/common_runtime/gpu/gpu_device.cc:1433] Found device 0 with properties: 
name: Tesla T4 major: 7 minor: 5 memoryClockRate(GHz): 1.59
pciBusID: 0000:00:06.0
totalMemory: 14.75GiB freeMemory: 14.66GiB
2022-05-04 02:51:22.335395: I tensorflow/core/common_runtime/gpu/gpu_device.cc:1512] Adding visible gpu devices: 0
2022-05-04 02:51:22.336541: I tensorflow/core/common_runtime/gpu/gpu_device.cc:984] Device interconnect StreamExecutor with strength 1 edge matrix:
2022-05-04 02:51:22.336556: I tensorflow/core/common_runtime/gpu/gpu_device.cc:990]      0 
2022-05-04 02:51:22.336562: I tensorflow/core/common_runtime/gpu/gpu_device.cc:1003] 0:   N 
2022-05-04 02:51:22.336649: I tensorflow/core/common_runtime/gpu/gpu_device.cc:1115] Created TensorFlow device (/job:localhost/replica:0/task:0/device:GPU:0 with 12888 MB memory) -> physical GPU (device: 0, name: Tesla T4, pci bus id: 0000:00:06.0, compute capability: 7.5)
2022-05-04 02:51:22.341274: I tensorflow/compiler/xla/service/service.cc:150] XLA service 0x55852ffcd8f0 executing computations on platform CUDA. Devices:
2022-05-04 02:51:22.341303: I tensorflow/compiler/xla/service/service.cc:158]   StreamExecutor device (0): Tesla T4, Compute Capability 7.5
2022-05-04 02:51:24.102162: W tensorflow/core/framework/allocator.cc:124] Allocation of 159744000 exceeds 10% of system memory.
2022-05-04 02:51:24.200934: W tensorflow/core/framework/allocator.cc:124] Allocation of 159744000 exceeds 10% of system memory.
2022-05-04 02:51:24.492396: W tensorflow/core/framework/allocator.cc:124] Allocation of 122880000 exceeds 10% of system memory.
2022-05-04 02:51:24.542962: W tensorflow/core/framework/allocator.cc:124] Allocation of 122880000 exceeds 10% of system memory.
2022-05-04 02:51:24.645969: W tensorflow/core/framework/allocator.cc:124] Allocation of 159744000 exceeds 10% of system memory.
2022-05-04 02:51:36.046171: I tensorflow/stream_executor/dso_loader.cc:152] successfully opened CUDA library libcublas.so.10.0 locally
